Arguments: 
  /usr/local/Cellar/node/13.11.0/bin/node /usr/local/Cellar/yarn/1.22.4/libexec/bin/yarn.js add airtable.js

PATH: 
  /Users/dte/.yarn/bin:/Users/dte/.config/yarn/global/node_modules/.bin:/Users/dte/torch-cl/install/bin:/Users/dte/torch/install/bin:/usr/local/bin:/Users/dte/.yarn/bin:/Users/dte/.rvm/gems/ruby-2.6.3/bin:/Users/dte/.rvm/gems/ruby-2.6.3@global/bin:/Users/dte/.rvm/rubies/ruby-2.6.3/bin:/Library/Frameworks/Python.framework/Versions/3.6/bin:/usr/local/bin:/usr/local/sbin:/opt/facebook/bin:/usr/bin:/bin:/usr/sbin:/sbin:/opt/facebook/ops/scripts/chef:/opt/homebrew/bin:/usr/local/munki:/opt/facebook/hg/bin:/opt/X11/bin:/Library/Apple/usr/bin:/Users/dte/.rvm/bin:/Users/dte/.yadr/bin:/Users/dte/.yadr/bin/yadr:/Users/dte/.rvm/bin

Yarn version: 
  1.22.4

Node version: 
  13.11.0

Platform: 
  darwin x64

Trace: 
  Error: https://registry.yarnpkg.com/airtable.js: Not found
      at Request.params.callback [as _callback] (/usr/local/Cellar/yarn/1.22.4/libexec/lib/cli.js:66987:18)
      at Request.self.callback (/usr/local/Cellar/yarn/1.22.4/libexec/lib/cli.js:140748:22)
      at Request.emit (events.js:315:20)
      at Request.<anonymous> (/usr/local/Cellar/yarn/1.22.4/libexec/lib/cli.js:141720:10)
      at Request.emit (events.js:315:20)
      at IncomingMessage.<anonymous> (/usr/local/Cellar/yarn/1.22.4/libexec/lib/cli.js:141642:12)
      at Object.onceWrapper (events.js:421:28)
      at IncomingMessage.emit (events.js:327:22)
      at endReadableNT (_stream_readable.js:1201:12)
      at processTicksAndRejections (internal/process/task_queues.js:84:21)

npm manifest: 
  {
    "name": "kindle-airtable-sync",
    "version": "1.0.0",
    "main": "index.js",
    "license": "MIT",
    "dependencies": {
      "dot-env": "^0.0.1"
    }
  }

yarn manifest: 
  No manifest

Lockfile: 
  # THIS IS AN AUTOGENERATED FILE. DO NOT EDIT THIS FILE DIRECTLY.
  # yarn lockfile v1
  
  
  dot-env@^0.0.1:
    version "0.0.1"
    resolved "https://registry.yarnpkg.com/dot-env/-/dot-env-0.0.1.tgz#e4434cb8c69143e445bc28a729437e4fabd88c80"
    integrity sha1-5ENMuMaRQ+RFvCinKUN+T6vYjIA=
